<?xml version="1.0" encoding="UTF-8"?>
<!-- Generated by org.testng.reporters.JUnitXMLReporter -->
<testsuite hostname="82Y1NC2" ignored="0" name="Default test" tests="7" failures="0" timestamp="25 paź 2018 11:24:48 GMT" time="17.779" errors="0">
  <testcase name="step1_OpenInsuranceCalculatorApp" time="2.536" classname="testCases.TestCase001"/>
  <testcase name="step2_clickOnTruckOption" time="2.174" classname="testCases.TestCase001"/>
  <testcase name="step3_populateEnterWehicleData" time="2.5" classname="testCases.TestCase001"/>
  <testcase name="step4_populateInsurantData" time="1.68" classname="testCases.TestCase001"/>
  <testcase name="step5_enterProductData" time="0.955" classname="testCases.TestCase001"/>
  <testcase name="step6_selectPriceOption" time="1.079" classname="testCases.TestCase001"/>
  <testcase name="step7_SendQuotes" time="1.796" classname="testCases.TestCase001"/>
</testsuite> <!-- Default test -->
